2015-10-22 16:21:26.800 (12096): -----------------------------------------------------------------------------
2015-10-22 16:21:26.800 (12096): Initializing fault reporting
2015-10-22 16:21:26.800 (12096): Fault reporting log pathname: C:\Users\farisashim\Workspace\TDE-API\tdeserver32-error00000ddc.log
2015-10-22 16:21:26.800 (12096): Initializing MiniDump
2015-10-22 16:21:26.800 (12096): Loading 'DbgHelp.dll'
2015-10-22 16:21:26.801 (12096): Loaded 'C:\Windows\SYSTEM32\DbgHelp.dll'
2015-10-22 16:21:26.801 (12096):   Product Name: Microsoft® Windows® Operating System
2015-10-22 16:21:26.801 (12096):   File Version: 6.3.9600.17787 (winblue_r10.150331-1500)
2015-10-22 16:21:26.801 (12096):   Product Version: 6.3.9600.17787
2015-10-22 16:21:26.801 (12096): Finding function 'MiniDumpWriteDump'
2015-10-22 16:21:26.801 (12096): Success
2015-10-22 16:21:26.801 (12096): Registering unhandled exception filter
2015-10-22 16:21:26.801 (12096): -----------------------------------------------------------------------------
2015-10-22 16:21:26.801 (12096): Machine Configuration
2015-10-22 16:21:26.801 (12096):   Max Descriptors: -1
2015-10-22 16:21:26.802 (12096): tdeserver: server listening for incoming connections at: tab.pipe://./pipe/{B87F275B-4025-4457-8F34-C9EF6AA4E86A}
2015-10-22 16:21:26.802 (12096): tdeserver: accepting new connection
2015-10-22 16:21:26.802 (10148): beginthread: recv, connection=tab.pipe://./pipe/{B87F275B-4025-4457-8F34-C9EF6AA4E86A}
2015-10-22 16:21:26.802 (12096): tdeserver: new connection, connection=tab.pipe://./pipe/{B87F275B-4025-4457-8F34-C9EF6AA4E86A}
2015-10-22 16:21:26.802 (10496): beginthread: send, connection=tab.pipe://./pipe/{B87F275B-4025-4457-8F34-C9EF6AA4E86A}
2015-10-22 16:21:26.802 (10148): tdeserver: open session, connection=tab.pipe://./pipe/{B87F275B-4025-4457-8F34-C9EF6AA4E86A}, sess_guid=1
2015-10-22 16:21:26.802 (15544): Session1: QueryExecute:
2015-10-22 16:21:26.802 (15544): (database "C:\\Users\\farisashim\\Workspace\\TDE-API\\hadooptest.tde")
2015-10-22 16:21:26.804 (15544): Session1: QueryExecute: OK
2015-10-22 16:21:26.804 (15060): Session1: QueryExecute:
2015-10-22 16:21:26.804 (15060): (show schemas)
2015-10-22 16:21:26.805 (15060): Elapsed time:0.001 sec
2015-10-22 16:21:26.805 (15060): Compilation time:0.000 sec
2015-10-22 16:21:26.805 (15060): Execution time:0.001 sec
2015-10-22 16:21:26.805 (15060): Session1: QueryExecute: OK rowset_guid=1 n_columns=1
2015-10-22 16:21:26.806 (15060): Session1: QueryExecute:
2015-10-22 16:21:26.806 (15060): (show tables [Extract])
2015-10-22 16:21:26.809 (15060): Elapsed time:0.003 sec
2015-10-22 16:21:26.809 (15060): Compilation time:0.000 sec
2015-10-22 16:21:26.809 (15060): Execution time:0.003 sec
2015-10-22 16:21:26.809 (15060): Session1: QueryExecute: OK rowset_guid=2 n_columns=1
2015-10-22 16:21:26.809 (15060): Session1: QueryExecute:
2015-10-22 16:21:26.809 (15060): (top (table [Extract].[$TableauMetadata]) () 0)
2015-10-22 16:21:26.831 (15060): Elapsed time:0.022 sec
2015-10-22 16:21:26.831 (15060): Compilation time:0.011 sec
2015-10-22 16:21:26.831 (15060): Execution time:0.011 sec
2015-10-22 16:21:26.831 (15060): Session1: QueryExecute: OK rowset_guid=3 n_columns=2
2015-10-22 16:21:26.832 (10148): tdeserver: close session, connection=tab.pipe://./pipe/{B87F275B-4025-4457-8F34-C9EF6AA4E86A}, sess_guid=1
2015-10-22 16:21:26.832 (12096): tdeserver: exit (0)
2015-10-22 16:21:42.508 (13752): -----------------------------------------------------------------------------
2015-10-22 16:21:42.508 (13752): Initializing fault reporting
2015-10-22 16:21:42.508 (13752): Fault reporting log pathname: C:\Users\farisashim\Workspace\TDE-API\tdeserver32-error000040b4.log
2015-10-22 16:21:42.508 (13752): Initializing MiniDump
2015-10-22 16:21:42.508 (13752): Loading 'DbgHelp.dll'
2015-10-22 16:21:42.508 (13752): Loaded 'C:\Windows\SYSTEM32\DbgHelp.dll'
2015-10-22 16:21:42.508 (13752):   Product Name: Microsoft® Windows® Operating System
2015-10-22 16:21:42.508 (13752):   File Version: 6.3.9600.17787 (winblue_r10.150331-1500)
2015-10-22 16:21:42.508 (13752):   Product Version: 6.3.9600.17787
2015-10-22 16:21:42.508 (13752): Finding function 'MiniDumpWriteDump'
2015-10-22 16:21:42.508 (13752): Success
2015-10-22 16:21:42.508 (13752): Registering unhandled exception filter
2015-10-22 16:21:42.509 (13752): -----------------------------------------------------------------------------
2015-10-22 16:21:42.509 (13752): Machine Configuration
2015-10-22 16:21:42.509 (13752):   Max Descriptors: -1
2015-10-22 16:21:42.509 (13752): tdeserver: server listening for incoming connections at: tab.pipe://./pipe/{E6E52776-6387-4F4F-B206-8C404F64117E}
2015-10-22 16:21:42.509 (13752): tdeserver: accepting new connection
2015-10-22 16:21:42.509 (13752): tdeserver: new connection, connection=tab.pipe://./pipe/{E6E52776-6387-4F4F-B206-8C404F64117E}
2015-10-22 16:21:42.509 (16152): beginthread: recv, connection=tab.pipe://./pipe/{E6E52776-6387-4F4F-B206-8C404F64117E}
2015-10-22 16:21:42.509 (16064): beginthread: send, connection=tab.pipe://./pipe/{E6E52776-6387-4F4F-B206-8C404F64117E}
2015-10-22 16:21:42.509 (16152): tdeserver: open session, connection=tab.pipe://./pipe/{E6E52776-6387-4F4F-B206-8C404F64117E}, sess_guid=1
2015-10-22 16:21:42.510 (9320): Session1: QueryExecute:
2015-10-22 16:21:42.510 (9320): (database "C:\\Users\\farisashim\\Workspace\\TDE-API\\dm_sales_prepaid.tde")
2015-10-22 16:21:42.511 (9320): Session1: QueryExecute: OK
2015-10-22 16:21:42.511 (17360): Session1: QueryExecute:
2015-10-22 16:21:42.511 (17360): (show schemas)
2015-10-22 16:21:42.512 (17360): Elapsed time:0.001 sec
2015-10-22 16:21:42.513 (17360): Compilation time:0.000 sec
2015-10-22 16:21:42.513 (17360): Execution time:0.001 sec
2015-10-22 16:21:42.513 (17360): Session1: QueryExecute: OK rowset_guid=1 n_columns=1
2015-10-22 16:21:42.513 (17360): Session1: QueryExecute:
2015-10-22 16:21:42.513 (17360): (show tables [Extract])
2015-10-22 16:21:42.516 (17360): Elapsed time:0.003 sec
2015-10-22 16:21:42.516 (17360): Compilation time:0.000 sec
2015-10-22 16:21:42.516 (17360): Execution time:0.003 sec
2015-10-22 16:21:42.516 (17360): Session1: QueryExecute: OK rowset_guid=2 n_columns=1
2015-10-22 16:21:42.516 (17360): Session1: QueryExecute:
2015-10-22 16:21:42.516 (17360): (top (table [Extract].[Extract]) () 0)
2015-10-22 16:21:42.546 (17360): Elapsed time:0.029 sec
2015-10-22 16:21:42.546 (17360): Compilation time:0.016 sec
2015-10-22 16:21:42.546 (17360): Execution time:0.013 sec
2015-10-22 16:21:42.548 (17360): Session1: QueryExecute: OK rowset_guid=3 n_columns=17
2015-10-22 16:21:42.551 (17360): Session1: QueryExecute:
2015-10-22 16:21:42.551 (17360): (create schema [DE_Temp])
2015-10-22 16:21:42.586 (17360): Session1: QueryExecute: OK
2015-10-22 16:21:42.587 (9320): Session1: QueryExecute:
2015-10-22 16:21:42.587 (9320): (create table [DE_Temp].[Extract])
2015-10-22 16:21:42.627 (9320): Session1: QueryExecute: OK
2015-10-22 16:21:42.628 (17360): Session1: QueryExecute:
2015-10-22 16:21:42.628 (17360): (create column [DE_Temp].[Extract].[ACTVN_DT] ( ( "builtin" "date" ) ( "factory" "builtin" ) ( "ordinal" "0" ) ))
2015-10-22 16:21:42.734 (17360): Session1: QueryExecute: OK
2015-10-22 16:21:42.735 (9320): Session1: QueryExecute:
2015-10-22 16:21:42.735 (9320): (create column [DE_Temp].[Extract].[BRND_ID] ( ( "collation" "en_GB" ) ( "compression" "heap" ) ( "factory" "varchar" ) ( "ordinal" "1" ) ( "scale" "1" ) ( "storagewidth" "8" ) ))
2015-10-22 16:21:42.785 (9320): Session1: QueryExecute: OK
2015-10-22 16:21:42.786 (17360): Session1: QueryExecute:
2015-10-22 16:21:42.786 (17360): (create column [DE_Temp].[Extract].[DISTRO_AREA] ( ( "collation" "en_GB" ) ( "compression" "heap" ) ( "factory" "varchar" ) ( "ordinal" "2" ) ( "scale" "1" ) ( "storagewidth" "8" ) ))
2015-10-22 16:21:42.837 (17360): Session1: QueryExecute: OK
2015-10-22 16:21:42.837 (9320): Session1: QueryExecute:
2015-10-22 16:21:42.837 (9320): (create column [DE_Temp].[Extract].[DISTRO_SALES_AREA] ( ( "collation" "en_GB" ) ( "compression" "heap" ) ( "factory" "varchar" ) ( "ordinal" "3" ) ( "scale" "1" ) ( "storagewidth" "8" ) ))
2015-10-22 16:21:43.006 (9320): Session1: QueryExecute: OK
2015-10-22 16:21:43.007 (17360): Session1: QueryExecute:
2015-10-22 16:21:43.007 (17360): (create column [DE_Temp].[Extract].[DISTRO_CLUSTER] ( ( "collation" "en_GB" ) ( "compression" "heap" ) ( "factory" "varchar" ) ( "ordinal" "4" ) ( "scale" "1" ) ( "storagewidth" "8" ) ))
2015-10-22 16:21:43.063 (17360): Session1: QueryExecute: OK
2015-10-22 16:21:43.064 (9320): Session1: QueryExecute:
2015-10-22 16:21:43.064 (9320): (create column [DE_Temp].[Extract].[TLD_NAME] ( ( "collation" "en_GB" ) ( "compression" "heap" ) ( "factory" "varchar" ) ( "ordinal" "5" ) ( "scale" "1" ) ( "storagewidth" "8" ) ))
2015-10-22 16:21:43.214 (9320): Session1: QueryExecute: OK
2015-10-22 16:21:43.214 (17360): Session1: QueryExecute:
2015-10-22 16:21:43.214 (17360): (create column [DE_Temp].[Extract].[PROMO_PACKAGE_NAME] ( ( "collation" "en_GB" ) ( "compression" "heap" ) ( "factory" "varchar" ) ( "ordinal" "6" ) ( "scale" "1" ) ( "storagewidth" "8" ) ))
2015-10-22 16:21:43.277 (17360): Session1: QueryExecute: OK
2015-10-22 16:21:43.277 (9320): Session1: QueryExecute:
2015-10-22 16:21:43.277 (9320): (create column [DE_Temp].[Extract].[HLR_REGION] ( ( "collation" "en_GB" ) ( "compression" "heap" ) ( "factory" "varchar" ) ( "ordinal" "7" ) ( "scale" "1" ) ( "storagewidth" "8" ) ))
2015-10-22 16:21:43.335 (9320): Session1: QueryExecute: OK
2015-10-22 16:21:43.335 (17360): Session1: QueryExecute:
2015-10-22 16:21:43.335 (17360): (create column [DE_Temp].[Extract].[HLR_BRANCH] ( ( "collation" "en_GB" ) ( "compression" "heap" ) ( "factory" "varchar" ) ( "ordinal" "8" ) ( "scale" "1" ) ( "storagewidth" "8" ) ))
2015-10-22 16:21:43.389 (17360): Session1: QueryExecute: OK
2015-10-22 16:21:43.389 (9320): Session1: QueryExecute:
2015-10-22 16:21:43.389 (9320): (create column [DE_Temp].[Extract].[HLR_CITY] ( ( "collation" "en_GB" ) ( "compression" "heap" ) ( "factory" "varchar" ) ( "ordinal" "9" ) ( "scale" "1" ) ( "storagewidth" "8" ) ))
2015-10-22 16:21:43.443 (9320): Session1: QueryExecute: OK
2015-10-22 16:21:43.443 (17360): Session1: QueryExecute:
2015-10-22 16:21:43.443 (17360): (create column [DE_Temp].[Extract].[CLUSTER_TYPE] ( ( "collation" "en_GB" ) ( "compression" "heap" ) ( "factory" "varchar" ) ( "ordinal" "10" ) ( "scale" "1" ) ( "storagewidth" "8" ) ))
2015-10-22 16:21:43.496 (17360): Session1: QueryExecute: OK
2015-10-22 16:21:43.496 (9320): Session1: QueryExecute:
2015-10-22 16:21:43.496 (9320): (create column [DE_Temp].[Extract].[CA_REGION] ( ( "collation" "en_GB" ) ( "compression" "heap" ) ( "factory" "varchar" ) ( "ordinal" "11" ) ( "scale" "1" ) ( "storagewidth" "8" ) ))
2015-10-22 16:21:43.550 (9320): Session1: QueryExecute: OK
2015-10-22 16:21:43.550 (17360): Session1: QueryExecute:
2015-10-22 16:21:43.550 (17360): (create column [DE_Temp].[Extract].[CA_AREA] ( ( "collation" "en_GB" ) ( "compression" "heap" ) ( "factory" "varchar" ) ( "ordinal" "12" ) ( "scale" "1" ) ( "storagewidth" "8" ) ))
2015-10-22 16:21:43.605 (17360): Session1: QueryExecute: OK
2015-10-22 16:21:43.605 (9320): Session1: QueryExecute:
2015-10-22 16:21:43.605 (9320): (create column [DE_Temp].[Extract].[CA_SALES_AREA] ( ( "collation" "en_GB" ) ( "compression" "heap" ) ( "factory" "varchar" ) ( "ordinal" "13" ) ( "scale" "1" ) ( "storagewidth" "8" ) ))
2015-10-22 16:21:43.683 (9320): Session1: QueryExecute: OK
2015-10-22 16:21:43.683 (17360): Session1: QueryExecute:
2015-10-22 16:21:43.683 (17360): (create column [DE_Temp].[Extract].[CA_CLUSTER] ( ( "collation" "en_GB" ) ( "compression" "heap" ) ( "factory" "varchar" ) ( "ordinal" "14" ) ( "scale" "1" ) ( "storagewidth" "8" ) ))
2015-10-22 16:21:43.737 (17360): Session1: QueryExecute: OK
2015-10-22 16:21:43.737 (9320): Session1: QueryExecute:
2015-10-22 16:21:43.737 (9320): (create column [DE_Temp].[Extract].[NUM_OF_SALES] ( ( "builtin" "bigint" ) ( "factory" "builtin" ) ( "ordinal" "15" ) ))
2015-10-22 16:21:43.791 (9320): Session1: QueryExecute: OK
2015-10-22 16:21:43.791 (17360): Session1: QueryExecute:
2015-10-22 16:21:43.791 (17360): (create column [DE_Temp].[Extract].[PNAME] ( ( "collation" "en_GB" ) ( "compression" "heap" ) ( "factory" "varchar" ) ( "ordinal" "16" ) ( "scale" "1" ) ( "storagewidth" "8" ) ))
2015-10-22 16:21:43.845 (17360): Session1: QueryExecute: OK
2015-10-22 16:21:43.872 (9320): Session1: InsertOpen: table="Extract schema="DE_Temp"
2015-10-22 16:21:43.872 (9320):   column[0]="ACTVN_DT"
2015-10-22 16:21:43.872 (9320):   column[1]="BRND_ID"
2015-10-22 16:21:43.872 (9320):   column[2]="DISTRO_AREA"
2015-10-22 16:21:43.872 (9320):   column[3]="DISTRO_SALES_AREA"
2015-10-22 16:21:43.872 (9320):   column[4]="DISTRO_CLUSTER"
2015-10-22 16:21:43.872 (9320):   column[5]="TLD_NAME"
2015-10-22 16:21:43.872 (9320):   column[6]="PROMO_PACKAGE_NAME"
2015-10-22 16:21:43.872 (9320):   column[7]="HLR_REGION"
2015-10-22 16:21:43.872 (9320):   column[8]="HLR_BRANCH"
2015-10-22 16:21:43.872 (9320):   column[9]="HLR_CITY"
2015-10-22 16:21:43.872 (9320):   column[10]="CLUSTER_TYPE"
2015-10-22 16:21:43.872 (9320):   column[11]="CA_REGION"
2015-10-22 16:21:43.872 (9320):   column[12]="CA_AREA"
2015-10-22 16:21:43.872 (9320):   column[13]="CA_SALES_AREA"
2015-10-22 16:21:43.872 (9320):   column[14]="CA_CLUSTER"
2015-10-22 16:21:43.872 (9320):   column[15]="NUM_OF_SALES"
2015-10-22 16:21:43.872 (9320):   column[16]="PNAME"
2015-10-22 16:21:43.874 (9320): Session1: InsertCommit: insert_guid=4
2015-10-22 16:21:44.704 (9320): Session1: InsertCommit: OK
2015-10-22 16:21:44.704 (17360): Session1: InsertClose: insert_guid=4
2015-10-22 16:21:44.704 (17360): Session1: InsertClose: OK
2015-10-22 16:21:44.704 (9320): Session1: QueryExecute:
2015-10-22 16:21:44.704 (9320): (package)
2015-10-22 16:21:44.705 (9320): PackageDatabase: in-place package of "C:\Users\farisashim\Workspace\TDE-API\dm_sales_prepaid.tde"
2015-10-22 16:21:44.822 (9320): PackageDatabase: finished
2015-10-22 16:21:44.822 (9320): Session1: QueryExecute: OK
2015-10-22 16:21:44.822 (17360): Session1: QueryExecute:
2015-10-22 16:21:44.822 (17360): (database "C:\\Users\\farisashim\\Workspace\\TDE-API\\dm_sales_prepaid.tde")
2015-10-22 16:21:44.824 (17360): Session1: QueryExecute: OK
2015-10-22 16:21:44.824 (9320): Session1: QueryExecute:
2015-10-22 16:21:44.824 (9320): (show schemas)
2015-10-22 16:21:44.825 (9320): Elapsed time:0.001 sec
2015-10-22 16:21:44.825 (9320): Compilation time:0.000 sec
2015-10-22 16:21:44.825 (9320): Execution time:0.001 sec
2015-10-22 16:21:44.826 (9320): Session1: QueryExecute: OK rowset_guid=5 n_columns=1
2015-10-22 16:21:44.826 (9320): Session1: QueryExecute:
2015-10-22 16:21:44.826 (9320): (show tables [Extract])
2015-10-22 16:21:44.829 (9320): Elapsed time:0.003 sec
2015-10-22 16:21:44.829 (9320): Compilation time:0.000 sec
2015-10-22 16:21:44.829 (9320): Execution time:0.003 sec
2015-10-22 16:21:44.829 (9320): Session1: QueryExecute: OK rowset_guid=6 n_columns=1
2015-10-22 16:21:44.830 (9320): Session1: QueryExecute:
2015-10-22 16:21:44.830 (9320): (top (table [Extract].[Extract]) () 0)
2015-10-22 16:21:44.858 (9320): Elapsed time:0.028 sec
2015-10-22 16:21:44.858 (9320): Compilation time:0.015 sec
2015-10-22 16:21:44.858 (9320): Execution time:0.013 sec
2015-10-22 16:21:44.859 (9320): Session1: QueryExecute: OK rowset_guid=7 n_columns=17
2015-10-22 16:21:44.861 (9320): Session1: QueryExecute:
2015-10-22 16:21:44.861 (9320): (append table [Extract].[Extract] (table [Extract].[Extract]) (table [DE_Temp].[Extract]))
2015-10-22 16:21:45.711 (9320): Session1: QueryExecute: OK
2015-10-22 16:21:45.712 (17360): Session1: QueryExecute:
2015-10-22 16:21:45.712 (17360): (drop schema [DE_Temp] cascade)
2015-10-22 16:21:45.799 (17360): Session1: QueryExecute: OK
2015-10-22 16:21:45.800 (9320): Session1: QueryExecute:
2015-10-22 16:21:45.800 (9320): (package)
2015-10-22 16:21:45.800 (9320): PackageDatabase: in-place package of "C:\Users\farisashim\Workspace\TDE-API\dm_sales_prepaid.tde"
2015-10-22 16:21:45.868 (9320): PackageDatabase: finished
2015-10-22 16:21:45.868 (9320): Session1: QueryExecute: OK
2015-10-22 16:21:45.869 (17360): Session1: QueryExecute:
2015-10-22 16:21:45.869 (17360): (database "C:\\Users\\farisashim\\Workspace\\TDE-API\\dm_sales_prepaid.tde")
2015-10-22 16:21:45.870 (17360): Session1: QueryExecute: OK
2015-10-22 16:21:45.870 (9320): Session1: QueryExecute:
2015-10-22 16:21:45.870 (9320): (show schemas)
2015-10-22 16:21:45.871 (9320): Elapsed time:0.001 sec
2015-10-22 16:21:45.872 (9320): Compilation time:0.000 sec
2015-10-22 16:21:45.872 (9320): Execution time:0.001 sec
2015-10-22 16:21:45.872 (9320): Session1: QueryExecute: OK rowset_guid=8 n_columns=1
2015-10-22 16:21:45.872 (9320): Session1: QueryExecute:
2015-10-22 16:21:45.872 (9320): (show tables [Extract])
2015-10-22 16:21:45.875 (9320): Elapsed time:0.003 sec
2015-10-22 16:21:45.875 (9320): Compilation time:0.000 sec
2015-10-22 16:21:45.875 (9320): Execution time:0.003 sec
2015-10-22 16:21:45.876 (9320): Session1: QueryExecute: OK rowset_guid=9 n_columns=1
2015-10-22 16:21:45.876 (9320): Session1: QueryExecute:
2015-10-22 16:21:45.876 (9320): (top (table [Extract].[Extract]) () 0)
2015-10-22 16:21:45.905 (9320): Elapsed time:0.029 sec
2015-10-22 16:21:45.905 (9320): Compilation time:0.015 sec
2015-10-22 16:21:45.905 (9320): Execution time:0.014 sec
2015-10-22 16:21:45.906 (9320): Session1: QueryExecute: OK rowset_guid=10 n_columns=17
2015-10-22 16:21:45.908 (9320): Session1: QueryExecute:
2015-10-22 16:21:45.908 (9320): (alter column [Extract].[Extract].[ACTVN_DT] ( ( "comparable" "comparable" ) ( "compression" "array" ) ( "storagewidth" "0" ) ) )
2015-10-22 16:21:45.965 (9320): Session1: QueryExecute: OK
2015-10-22 16:21:45.966 (17360): Session1: QueryExecute:
2015-10-22 16:21:45.966 (17360): (alter column [Extract].[Extract].[BRND_ID] ( ( "comparable" "comparable" ) ( "compression" "array" ) ( "storagewidth" "0" ) ) )
2015-10-22 16:21:46.003 (17360): Session1: QueryExecute: OK
2015-10-22 16:21:46.003 (9320): Session1: QueryExecute:
2015-10-22 16:21:46.003 (9320): (alter column [Extract].[Extract].[DISTRO_AREA] ( ( "comparable" "comparable" ) ( "compression" "array" ) ( "storagewidth" "0" ) ) )
2015-10-22 16:21:46.007 (9320): Session1: QueryExecute: OK
2015-10-22 16:21:46.007 (17360): Session1: QueryExecute:
2015-10-22 16:21:46.007 (17360): (alter column [Extract].[Extract].[DISTRO_SALES_AREA] ( ( "comparable" "comparable" ) ( "compression" "array" ) ( "storagewidth" "0" ) ) )
2015-10-22 16:21:46.010 (17360): Session1: QueryExecute: OK
2015-10-22 16:21:46.010 (9320): Session1: QueryExecute:
2015-10-22 16:21:46.010 (9320): (alter column [Extract].[Extract].[DISTRO_CLUSTER] ( ( "comparable" "comparable" ) ( "compression" "array" ) ( "storagewidth" "0" ) ) )
2015-10-22 16:21:46.013 (9320): Session1: QueryExecute: OK
2015-10-22 16:21:46.014 (17360): Session1: QueryExecute:
2015-10-22 16:21:46.014 (17360): (alter column [Extract].[Extract].[TLD_NAME] ( ( "comparable" "comparable" ) ( "compression" "array" ) ( "storagewidth" "0" ) ) )
2015-10-22 16:21:46.017 (17360): Session1: QueryExecute: OK
2015-10-22 16:21:46.017 (9320): Session1: QueryExecute:
2015-10-22 16:21:46.017 (9320): (alter column [Extract].[Extract].[PROMO_PACKAGE_NAME] ( ( "comparable" "comparable" ) ( "compression" "array" ) ( "storagewidth" "0" ) ) )
2015-10-22 16:21:46.020 (9320): Session1: QueryExecute: OK
2015-10-22 16:21:46.020 (17360): Session1: QueryExecute:
2015-10-22 16:21:46.020 (17360): (alter column [Extract].[Extract].[HLR_REGION] ( ( "comparable" "comparable" ) ( "compression" "array" ) ( "storagewidth" "0" ) ) )
2015-10-22 16:21:46.023 (17360): Session1: QueryExecute: OK
2015-10-22 16:21:46.023 (9320): Session1: QueryExecute:
2015-10-22 16:21:46.023 (9320): (alter column [Extract].[Extract].[HLR_BRANCH] ( ( "comparable" "comparable" ) ( "compression" "array" ) ( "storagewidth" "0" ) ) )
2015-10-22 16:21:46.026 (9320): Session1: QueryExecute: OK
2015-10-22 16:21:46.027 (17360): Session1: QueryExecute:
2015-10-22 16:21:46.027 (17360): (alter column [Extract].[Extract].[HLR_CITY] ( ( "comparable" "comparable" ) ( "compression" "array" ) ( "storagewidth" "0" ) ) )
2015-10-22 16:21:46.030 (17360): Session1: QueryExecute: OK
2015-10-22 16:21:46.030 (9320): Session1: QueryExecute:
2015-10-22 16:21:46.030 (9320): (alter column [Extract].[Extract].[CLUSTER_TYPE] ( ( "comparable" "comparable" ) ( "compression" "array" ) ( "storagewidth" "0" ) ) )
2015-10-22 16:21:46.033 (9320): Session1: QueryExecute: OK
2015-10-22 16:21:46.033 (17360): Session1: QueryExecute:
2015-10-22 16:21:46.033 (17360): (alter column [Extract].[Extract].[CA_REGION] ( ( "comparable" "comparable" ) ( "compression" "array" ) ( "storagewidth" "0" ) ) )
2015-10-22 16:21:46.036 (17360): Session1: QueryExecute: OK
2015-10-22 16:21:46.036 (9320): Session1: QueryExecute:
2015-10-22 16:21:46.036 (9320): (alter column [Extract].[Extract].[CA_AREA] ( ( "comparable" "comparable" ) ( "compression" "array" ) ( "storagewidth" "0" ) ) )
2015-10-22 16:21:46.039 (9320): Session1: QueryExecute: OK
2015-10-22 16:21:46.039 (17360): Session1: QueryExecute:
2015-10-22 16:21:46.039 (17360): (alter column [Extract].[Extract].[CA_SALES_AREA] ( ( "comparable" "comparable" ) ( "compression" "array" ) ( "storagewidth" "0" ) ) )
2015-10-22 16:21:46.042 (17360): Session1: QueryExecute: OK
2015-10-22 16:21:46.043 (9320): Session1: QueryExecute:
2015-10-22 16:21:46.043 (9320): (alter column [Extract].[Extract].[CA_CLUSTER] ( ( "comparable" "comparable" ) ( "compression" "array" ) ( "storagewidth" "0" ) ) )
2015-10-22 16:21:46.046 (9320): Session1: QueryExecute: OK
2015-10-22 16:21:46.046 (17360): Session1: QueryExecute:
2015-10-22 16:21:46.046 (17360): (alter column [Extract].[Extract].[NUM_OF_SALES] ( ( "comparable" "comparable" ) ( "compression" "array" ) ( "storagewidth" "0" ) ) )
2015-10-22 16:21:46.049 (17360): Session1: QueryExecute: OK
2015-10-22 16:21:46.050 (9320): Session1: QueryExecute:
2015-10-22 16:21:46.050 (9320): (alter column [Extract].[Extract].[PNAME] ( ( "comparable" "comparable" ) ( "compression" "array" ) ( "storagewidth" "0" ) ) )
2015-10-22 16:21:46.053 (9320): Session1: QueryExecute: OK
2015-10-22 16:21:46.053 (17360): Session1: QueryExecute:
2015-10-22 16:21:46.053 (17360): (top (table [Extract].[Extract]) () 0)
2015-10-22 16:21:46.064 (17360): Elapsed time:0.011 sec
2015-10-22 16:21:46.064 (17360): Compilation time:0.006 sec
2015-10-22 16:21:46.064 (17360): Execution time:0.005 sec
2015-10-22 16:21:46.065 (17360): Session1: QueryExecute: OK rowset_guid=11 n_columns=17
2015-10-22 16:21:46.066 (17360): Session1: QueryExecute:
2015-10-22 16:21:46.066 (17360): (package)
2015-10-22 16:21:46.067 (17360): PackageDatabase: in-place package of "C:\Users\farisashim\Workspace\TDE-API\dm_sales_prepaid.tde"
2015-10-22 16:21:46.179 (17360): PackageDatabase: finished
2015-10-22 16:21:46.179 (17360): Session1: QueryExecute: OK
2015-10-22 16:21:46.180 (16152): tdeserver: close session, connection=tab.pipe://./pipe/{E6E52776-6387-4F4F-B206-8C404F64117E}, sess_guid=1
2015-10-22 16:21:46.180 (13752): tdeserver: exit (0)
2015-10-26 14:28:28.278 (10664): -----------------------------------------------------------------------------
2015-10-26 14:28:28.278 (10664): Initializing fault reporting
2015-10-26 14:28:28.279 (10664): Fault reporting log pathname: C:\Users\farisashim\Workspace\EISDataExtractor\tdeserver32-error00002304.log
2015-10-26 14:28:28.279 (10664): Initializing MiniDump
2015-10-26 14:28:28.279 (10664): Loading 'DbgHelp.dll'
2015-10-26 14:28:28.280 (10664): Loaded 'C:\Windows\SYSTEM32\DbgHelp.dll'
2015-10-26 14:28:28.280 (10664):   Product Name: Microsoft® Windows® Operating System
2015-10-26 14:28:28.280 (10664):   File Version: 6.3.9600.17787 (winblue_r10.150331-1500)
2015-10-26 14:28:28.280 (10664):   Product Version: 6.3.9600.17787
2015-10-26 14:28:28.280 (10664): Finding function 'MiniDumpWriteDump'
2015-10-26 14:28:28.280 (10664): Success
2015-10-26 14:28:28.280 (10664): Registering unhandled exception filter
2015-10-26 14:28:28.281 (10664): -----------------------------------------------------------------------------
2015-10-26 14:28:28.281 (10664): Machine Configuration
2015-10-26 14:28:28.281 (10664):   Max Descriptors: -1
2015-10-26 14:28:28.281 (10664): tdeserver: server listening for incoming connections at: tab.pipe://./pipe/{E14D42AF-B2B2-41F9-B517-8C74D499299F}
2015-10-26 14:28:28.281 (10664): tdeserver: accepting new connection
2015-10-26 14:28:28.282 (10664): tdeserver: new connection, connection=tab.pipe://./pipe/{E14D42AF-B2B2-41F9-B517-8C74D499299F}
2015-10-26 14:28:28.282 (9156): beginthread: recv, connection=tab.pipe://./pipe/{E14D42AF-B2B2-41F9-B517-8C74D499299F}
2015-10-26 14:28:28.282 (11032): beginthread: send, connection=tab.pipe://./pipe/{E14D42AF-B2B2-41F9-B517-8C74D499299F}
2015-10-26 14:28:28.282 (9156): tdeserver: open session, connection=tab.pipe://./pipe/{E14D42AF-B2B2-41F9-B517-8C74D499299F}, sess_guid=1
2015-10-26 14:28:28.282 (11072): Session1: QueryExecute:
2015-10-26 14:28:28.282 (11072): (database "C:\\Users\\farisashim\\Workspace\\EISDataExtractor\\tde/SalesPrepaid.tde")
2015-10-26 14:28:28.285 (11072): Session1: QueryExecute: OK
2015-10-26 14:28:28.286 (11084): Session1: QueryExecute:
2015-10-26 14:28:28.286 (11084): (show schemas)
2015-10-26 14:28:28.288 (11084): Elapsed time:0.002 sec
2015-10-26 14:28:28.288 (11084): Compilation time:0.000 sec
2015-10-26 14:28:28.288 (11084): Execution time:0.002 sec
2015-10-26 14:28:28.288 (11084): Session1: QueryExecute: OK rowset_guid=1 n_columns=1
2015-10-26 14:28:28.289 (11084): Session1: QueryExecute:
2015-10-26 14:28:28.289 (11084): (show tables [Extract])
2015-10-26 14:28:28.295 (11084): Elapsed time:0.006 sec
2015-10-26 14:28:28.295 (11084): Compilation time:0.000 sec
2015-10-26 14:28:28.295 (11084): Execution time:0.006 sec
2015-10-26 14:28:28.295 (11084): Session1: QueryExecute: OK rowset_guid=2 n_columns=1
2015-10-26 14:28:28.295 (11084): Session1: QueryExecute:
2015-10-26 14:28:28.295 (11084): (top (table [Extract].[Extract]) () 0)
2015-10-26 14:28:28.375 (11084): Elapsed time:0.080 sec
2015-10-26 14:28:28.375 (11084): Compilation time:0.042 sec
2015-10-26 14:28:28.375 (11084): Execution time:0.038 sec
2015-10-26 14:28:28.380 (11084): Session1: QueryExecute: OK rowset_guid=3 n_columns=18
2015-10-26 14:28:28.388 (11084): Session1: QueryExecute:
2015-10-26 14:28:28.388 (11084): (create schema [DE_Temp])
2015-10-26 14:28:28.481 (11084): Session1: QueryExecute: OK
2015-10-26 14:28:28.481 (11072): Session1: QueryExecute:
2015-10-26 14:28:28.481 (11072): (create table [DE_Temp].[Extract])
2015-10-26 14:28:28.587 (11072): Session1: QueryExecute: OK
2015-10-26 14:28:28.588 (11084): Session1: QueryExecute:
2015-10-26 14:28:28.588 (11084): (create column [DE_Temp].[Extract].[ACTVN_DT] ( ( "builtin" "date" ) ( "factory" "builtin" ) ( "ordinal" "0" ) ))
2015-10-26 14:28:28.909 (11084): Session1: QueryExecute: OK
2015-10-26 14:28:28.909 (11072): Session1: QueryExecute:
2015-10-26 14:28:28.909 (11072): (create column [DE_Temp].[Extract].[BRND_ID] ( ( "collation" "en_GB" ) ( "compression" "heap" ) ( "factory" "varchar" ) ( "ordinal" "1" ) ( "scale" "1" ) ( "storagewidth" "8" ) ))
2015-10-26 14:28:29.071 (11072): Session1: QueryExecute: OK
2015-10-26 14:28:29.072 (11084): Session1: QueryExecute:
2015-10-26 14:28:29.072 (11084): (create column [DE_Temp].[Extract].[DISTRO_AREA] ( ( "collation" "en_GB" ) ( "compression" "heap" ) ( "factory" "varchar" ) ( "ordinal" "2" ) ( "scale" "1" ) ( "storagewidth" "8" ) ))
2015-10-26 14:28:29.249 (11084): Session1: QueryExecute: OK
2015-10-26 14:28:29.250 (11072): Session1: QueryExecute:
2015-10-26 14:28:29.250 (11072): (create column [DE_Temp].[Extract].[DISTRO_SALES_AREA] ( ( "collation" "en_GB" ) ( "compression" "heap" ) ( "factory" "varchar" ) ( "ordinal" "3" ) ( "scale" "1" ) ( "storagewidth" "8" ) ))
2015-10-26 14:28:29.412 (11072): Session1: QueryExecute: OK
2015-10-26 14:28:29.413 (11084): Session1: QueryExecute:
2015-10-26 14:28:29.413 (11084): (create column [DE_Temp].[Extract].[DISTRO_CLUSTER] ( ( "collation" "en_GB" ) ( "compression" "heap" ) ( "factory" "varchar" ) ( "ordinal" "4" ) ( "scale" "1" ) ( "storagewidth" "8" ) ))
2015-10-26 14:28:29.578 (11084): Session1: QueryExecute: OK
2015-10-26 14:28:29.578 (11072): Session1: QueryExecute:
2015-10-26 14:28:29.578 (11072): (create column [DE_Temp].[Extract].[TLD_NAME] ( ( "collation" "en_GB" ) ( "compression" "heap" ) ( "factory" "varchar" ) ( "ordinal" "5" ) ( "scale" "1" ) ( "storagewidth" "8" ) ))
2015-10-26 14:28:29.744 (11072): Session1: QueryExecute: OK
2015-10-26 14:28:29.745 (11084): Session1: QueryExecute:
2015-10-26 14:28:29.745 (11084): (create column [DE_Temp].[Extract].[PROMO_PACKAGE_NAME] ( ( "collation" "en_GB" ) ( "compression" "heap" ) ( "factory" "varchar" ) ( "ordinal" "6" ) ( "scale" "1" ) ( "storagewidth" "8" ) ))
2015-10-26 14:28:29.874 (11084): Session1: QueryExecute: OK
2015-10-26 14:28:29.874 (11072): Session1: QueryExecute:
2015-10-26 14:28:29.874 (11072): (create column [DE_Temp].[Extract].[HLR_REGION] ( ( "collation" "en_GB" ) ( "compression" "heap" ) ( "factory" "varchar" ) ( "ordinal" "7" ) ( "scale" "1" ) ( "storagewidth" "8" ) ))
2015-10-26 14:28:30.026 (11072): Session1: QueryExecute: OK
2015-10-26 14:28:30.026 (11084): Session1: QueryExecute:
2015-10-26 14:28:30.026 (11084): (create column [DE_Temp].[Extract].[HLR_BRANCH] ( ( "collation" "en_GB" ) ( "compression" "heap" ) ( "factory" "varchar" ) ( "ordinal" "8" ) ( "scale" "1" ) ( "storagewidth" "8" ) ))
2015-10-26 14:28:30.172 (11084): Session1: QueryExecute: OK
2015-10-26 14:28:30.172 (11072): Session1: QueryExecute:
2015-10-26 14:28:30.172 (11072): (create column [DE_Temp].[Extract].[HLR_CITY] ( ( "collation" "en_GB" ) ( "compression" "heap" ) ( "factory" "varchar" ) ( "ordinal" "9" ) ( "scale" "1" ) ( "storagewidth" "8" ) ))
2015-10-26 14:28:30.306 (11072): Session1: QueryExecute: OK
2015-10-26 14:28:30.306 (11084): Session1: QueryExecute:
2015-10-26 14:28:30.306 (11084): (create column [DE_Temp].[Extract].[CLUSTER_TYPE] ( ( "collation" "en_GB" ) ( "compression" "heap" ) ( "factory" "varchar" ) ( "ordinal" "10" ) ( "scale" "1" ) ( "storagewidth" "8" ) ))
2015-10-26 14:28:30.471 (11084): Session1: QueryExecute: OK
2015-10-26 14:28:30.472 (11072): Session1: QueryExecute:
2015-10-26 14:28:30.472 (11072): (create column [DE_Temp].[Extract].[CA_REGION] ( ( "collation" "en_GB" ) ( "compression" "heap" ) ( "factory" "varchar" ) ( "ordinal" "11" ) ( "scale" "1" ) ( "storagewidth" "8" ) ))
2015-10-26 14:28:30.625 (11072): Session1: QueryExecute: OK
2015-10-26 14:28:30.626 (11084): Session1: QueryExecute:
2015-10-26 14:28:30.626 (11084): (create column [DE_Temp].[Extract].[CA_AREA] ( ( "collation" "en_GB" ) ( "compression" "heap" ) ( "factory" "varchar" ) ( "ordinal" "12" ) ( "scale" "1" ) ( "storagewidth" "8" ) ))
2015-10-26 14:28:30.740 (11084): Session1: QueryExecute: OK
2015-10-26 14:28:30.741 (11072): Session1: QueryExecute:
2015-10-26 14:28:30.741 (11072): (create column [DE_Temp].[Extract].[CA_SALES_AREA] ( ( "collation" "en_GB" ) ( "compression" "heap" ) ( "factory" "varchar" ) ( "ordinal" "13" ) ( "scale" "1" ) ( "storagewidth" "8" ) ))
2015-10-26 14:28:30.901 (11072): Session1: QueryExecute: OK
2015-10-26 14:28:30.901 (11084): Session1: QueryExecute:
2015-10-26 14:28:30.901 (11084): (create column [DE_Temp].[Extract].[CA_CLUSTER] ( ( "collation" "en_GB" ) ( "compression" "heap" ) ( "factory" "varchar" ) ( "ordinal" "14" ) ( "scale" "1" ) ( "storagewidth" "8" ) ))
2015-10-26 14:28:31.049 (11084): Session1: QueryExecute: OK
2015-10-26 14:28:31.049 (11072): Session1: QueryExecute:
2015-10-26 14:28:31.049 (11072): (create column [DE_Temp].[Extract].[NUM_OF_SALES] ( ( "collation" "en_GB" ) ( "compression" "heap" ) ( "factory" "varchar" ) ( "ordinal" "15" ) ( "scale" "1" ) ( "storagewidth" "8" ) ))
2015-10-26 14:28:31.192 (11072): Session1: QueryExecute: OK
2015-10-26 14:28:31.193 (11084): Session1: QueryExecute:
2015-10-26 14:28:31.193 (11084): (create column [DE_Temp].[Extract].[PNAME] ( ( "collation" "en_GB" ) ( "compression" "heap" ) ( "factory" "varchar" ) ( "ordinal" "16" ) ( "scale" "1" ) ( "storagewidth" "8" ) ))
2015-10-26 14:28:31.354 (11084): Session1: QueryExecute: OK
2015-10-26 14:28:31.355 (11072): Session1: QueryExecute:
2015-10-26 14:28:31.355 (11072): (create column [DE_Temp].[Extract].[TIMESTAMP] ( ( "collation" "en_GB" ) ( "compression" "heap" ) ( "factory" "varchar" ) ( "ordinal" "17" ) ( "scale" "1" ) ( "storagewidth" "8" ) ))
2015-10-26 14:28:31.498 (11072): Session1: QueryExecute: OK
2015-10-26 14:28:38.120 (11084): Session1: InsertOpen: table="Extract schema="DE_Temp"
2015-10-26 14:28:38.120 (11084):   column[0]="ACTVN_DT"
2015-10-26 14:28:38.120 (11084):   column[1]="BRND_ID"
2015-10-26 14:28:38.120 (11084):   column[2]="DISTRO_AREA"
2015-10-26 14:28:38.120 (11084):   column[3]="DISTRO_SALES_AREA"
2015-10-26 14:28:38.120 (11084):   column[4]="DISTRO_CLUSTER"
2015-10-26 14:28:38.120 (11084):   column[5]="TLD_NAME"
2015-10-26 14:28:38.120 (11084):   column[6]="PROMO_PACKAGE_NAME"
2015-10-26 14:28:38.120 (11084):   column[7]="HLR_REGION"
2015-10-26 14:28:38.120 (11084):   column[8]="HLR_BRANCH"
2015-10-26 14:28:38.120 (11084):   column[9]="HLR_CITY"
2015-10-26 14:28:38.120 (11084):   column[10]="CLUSTER_TYPE"
2015-10-26 14:28:38.120 (11084):   column[11]="CA_REGION"
2015-10-26 14:28:38.120 (11084):   column[12]="CA_AREA"
2015-10-26 14:28:38.120 (11084):   column[13]="CA_SALES_AREA"
2015-10-26 14:28:38.120 (11084):   column[14]="CA_CLUSTER"
2015-10-26 14:28:38.120 (11084):   column[15]="NUM_OF_SALES"
2015-10-26 14:28:38.120 (11084):   column[16]="PNAME"
2015-10-26 14:28:38.120 (11084):   column[17]="TIMESTAMP"
2015-10-26 14:28:38.127 (11084): Session1: InsertCommit: insert_guid=4
2015-10-26 14:28:40.381 (11084): LogScopeTime: Save::Build,2,2015-10-26 14:28:38.2150,2.17
2015-10-26 14:28:40.382 (11084): Session1: InsertCommit: OK
2015-10-26 14:28:40.382 (11072): Session1: InsertClose: insert_guid=4
2015-10-26 14:28:40.382 (11072): Session1: InsertClose: OK
2015-10-26 14:28:40.383 (11084): Session1: QueryExecute:
2015-10-26 14:28:40.383 (11084): (package)
2015-10-26 14:28:40.383 (11084): PackageDatabase: in-place package of "C:\Users\farisashim\Workspace\EISDataExtractor\tde\SalesPrepaid.tde"
2015-10-26 14:28:40.556 (11084): PackageDatabase: finished
2015-10-26 14:28:40.557 (11084): Session1: QueryExecute: OK
2015-10-26 14:28:40.557 (11072): Session1: QueryExecute:
2015-10-26 14:28:40.557 (11072): (database "C:\\Users\\farisashim\\Workspace\\EISDataExtractor\\tde/SalesPrepaid.tde")
2015-10-26 14:28:40.560 (11072): Session1: QueryExecute: OK
2015-10-26 14:28:40.560 (11084): Session1: QueryExecute:
2015-10-26 14:28:40.560 (11084): (show schemas)
2015-10-26 14:28:40.563 (11084): Elapsed time:0.003 sec
2015-10-26 14:28:40.563 (11084): Compilation time:0.000 sec
2015-10-26 14:28:40.563 (11084): Execution time:0.003 sec
2015-10-26 14:28:40.563 (11084): Session1: QueryExecute: OK rowset_guid=5 n_columns=1
2015-10-26 14:28:40.564 (11084): Session1: QueryExecute:
2015-10-26 14:28:40.564 (11084): (show tables [Extract])
2015-10-26 14:28:40.570 (11084): Elapsed time:0.005 sec
2015-10-26 14:28:40.570 (11084): Compilation time:0.000 sec
2015-10-26 14:28:40.570 (11084): Execution time:0.005 sec
2015-10-26 14:28:40.570 (11084): Session1: QueryExecute: OK rowset_guid=6 n_columns=1
2015-10-26 14:28:40.571 (11084): Session1: QueryExecute:
2015-10-26 14:28:40.571 (11084): (top (table [Extract].[Extract]) () 0)
2015-10-26 14:28:40.633 (11084): Elapsed time:0.062 sec
2015-10-26 14:28:40.633 (11084): Compilation time:0.034 sec
2015-10-26 14:28:40.633 (11084): Execution time:0.029 sec
2015-10-26 14:28:40.636 (11084): Session1: QueryExecute: OK rowset_guid=7 n_columns=18
2015-10-26 14:28:40.640 (11084): Session1: QueryExecute:
2015-10-26 14:28:40.640 (11084): (append table [Extract].[Extract] (table [Extract].[Extract]) (table [DE_Temp].[Extract]))
2015-10-26 14:28:42.691 (11084): LogScopeTime: Save::Build,30,2015-10-26 14:28:40.8710,1.82
2015-10-26 14:28:42.691 (11084): LogScopeTime: AppendTable,0,2015-10-26 14:28:40.6760,2.02
2015-10-26 14:28:42.697 (11084): Session1: QueryExecute: OK
2015-10-26 14:28:42.697 (11072): Session1: QueryExecute:
2015-10-26 14:28:42.697 (11072): (drop schema [DE_Temp] cascade)
2015-10-26 14:28:42.861 (11072): Session1: QueryExecute: OK
2015-10-26 14:28:42.862 (11084): Session1: QueryExecute:
2015-10-26 14:28:42.862 (11084): (package)
2015-10-26 14:28:42.862 (11084): PackageDatabase: in-place package of "C:\Users\farisashim\Workspace\EISDataExtractor\tde\SalesPrepaid.tde"
2015-10-26 14:28:43.003 (11084): PackageDatabase: finished
2015-10-26 14:28:43.003 (11084): Session1: QueryExecute: OK
2015-10-26 14:28:43.004 (11072): Session1: QueryExecute:
2015-10-26 14:28:43.004 (11072): (database "C:\\Users\\farisashim\\Workspace\\EISDataExtractor\\tde/SalesPrepaid.tde")
2015-10-26 14:28:43.009 (11072): Session1: QueryExecute: OK
2015-10-26 14:28:43.009 (11084): Session1: QueryExecute:
2015-10-26 14:28:43.009 (11084): (show schemas)
2015-10-26 14:28:43.012 (11084): Elapsed time:0.003 sec
2015-10-26 14:28:43.012 (11084): Compilation time:0.000 sec
2015-10-26 14:28:43.012 (11084): Execution time:0.003 sec
2015-10-26 14:28:43.012 (11084): Session1: QueryExecute: OK rowset_guid=8 n_columns=1
2015-10-26 14:28:43.013 (11084): Session1: QueryExecute:
2015-10-26 14:28:43.013 (11084): (show tables [Extract])
2015-10-26 14:28:43.018 (11084): Elapsed time:0.005 sec
2015-10-26 14:28:43.018 (11084): Compilation time:0.000 sec
2015-10-26 14:28:43.018 (11084): Execution time:0.005 sec
2015-10-26 14:28:43.019 (11084): Session1: QueryExecute: OK rowset_guid=9 n_columns=1
2015-10-26 14:28:43.019 (11084): Session1: QueryExecute:
2015-10-26 14:28:43.019 (11084): (top (table [Extract].[Extract]) () 0)
2015-10-26 14:28:43.092 (11084): Elapsed time:0.073 sec
2015-10-26 14:28:43.092 (11084): Compilation time:0.038 sec
2015-10-26 14:28:43.092 (11084): Execution time:0.034 sec
2015-10-26 14:28:43.097 (11084): Session1: QueryExecute: OK rowset_guid=10 n_columns=18
2015-10-26 14:28:43.104 (11084): Session1: QueryExecute:
2015-10-26 14:28:43.104 (11084): (alter column [Extract].[Extract].[ACTVN_DT] ( ( "comparable" "comparable" ) ( "compression" "array" ) ( "storagewidth" "0" ) ) )
2015-10-26 14:28:43.112 (11084): Session1: QueryExecute: OK
2015-10-26 14:28:43.113 (11072): Session1: QueryExecute:
2015-10-26 14:28:43.113 (11072): (alter column [Extract].[Extract].[BRND_ID] ( ( "comparable" "comparable" ) ( "compression" "array" ) ( "storagewidth" "0" ) ) )
2015-10-26 14:28:43.122 (11072): Session1: QueryExecute: OK
2015-10-26 14:28:43.122 (11084): Session1: QueryExecute:
2015-10-26 14:28:43.122 (11084): (alter column [Extract].[Extract].[DISTRO_AREA] ( ( "comparable" "comparable" ) ( "compression" "array" ) ( "storagewidth" "0" ) ) )
2015-10-26 14:28:43.128 (11084): Session1: QueryExecute: OK
2015-10-26 14:28:43.129 (11072): Session1: QueryExecute:
2015-10-26 14:28:43.129 (11072): (alter column [Extract].[Extract].[DISTRO_SALES_AREA] ( ( "comparable" "comparable" ) ( "compression" "array" ) ( "storagewidth" "0" ) ) )
2015-10-26 14:28:43.134 (11072): Session1: QueryExecute: OK
2015-10-26 14:28:43.134 (11084): Session1: QueryExecute:
2015-10-26 14:28:43.134 (11084): (alter column [Extract].[Extract].[DISTRO_CLUSTER] ( ( "comparable" "comparable" ) ( "compression" "array" ) ( "storagewidth" "0" ) ) )
2015-10-26 14:28:43.140 (11084): Session1: QueryExecute: OK
2015-10-26 14:28:43.140 (11072): Session1: QueryExecute:
2015-10-26 14:28:43.140 (11072): (alter column [Extract].[Extract].[TLD_NAME] ( ( "comparable" "comparable" ) ( "compression" "array" ) ( "storagewidth" "0" ) ) )
2015-10-26 14:28:43.147 (11072): Session1: QueryExecute: OK
2015-10-26 14:28:43.148 (11084): Session1: QueryExecute:
2015-10-26 14:28:43.148 (11084): (alter column [Extract].[Extract].[PROMO_PACKAGE_NAME] ( ( "comparable" "comparable" ) ( "compression" "array" ) ( "storagewidth" "0" ) ) )
2015-10-26 14:28:43.154 (11084): Session1: QueryExecute: OK
2015-10-26 14:28:43.154 (11072): Session1: QueryExecute:
2015-10-26 14:28:43.154 (11072): (alter column [Extract].[Extract].[HLR_REGION] ( ( "comparable" "comparable" ) ( "compression" "array" ) ( "storagewidth" "0" ) ) )
2015-10-26 14:28:43.162 (11072): Session1: QueryExecute: OK
2015-10-26 14:28:43.163 (11084): Session1: QueryExecute:
2015-10-26 14:28:43.163 (11084): (alter column [Extract].[Extract].[HLR_BRANCH] ( ( "comparable" "comparable" ) ( "compression" "array" ) ( "storagewidth" "0" ) ) )
2015-10-26 14:28:43.176 (11084): Session1: QueryExecute: OK
2015-10-26 14:28:43.177 (11072): Session1: QueryExecute:
2015-10-26 14:28:43.177 (11072): (alter column [Extract].[Extract].[HLR_CITY] ( ( "comparable" "comparable" ) ( "compression" "array" ) ( "storagewidth" "0" ) ) )
2015-10-26 14:28:43.189 (11072): Session1: QueryExecute: OK
2015-10-26 14:28:43.190 (11084): Session1: QueryExecute:
2015-10-26 14:28:43.190 (11084): (alter column [Extract].[Extract].[CLUSTER_TYPE] ( ( "comparable" "comparable" ) ( "compression" "array" ) ( "storagewidth" "0" ) ) )
2015-10-26 14:28:43.200 (11084): Session1: QueryExecute: OK
2015-10-26 14:28:43.200 (11072): Session1: QueryExecute:
2015-10-26 14:28:43.200 (11072): (alter column [Extract].[Extract].[CA_REGION] ( ( "comparable" "comparable" ) ( "compression" "array" ) ( "storagewidth" "0" ) ) )
2015-10-26 14:28:43.207 (11072): Session1: QueryExecute: OK
2015-10-26 14:28:43.207 (11084): Session1: QueryExecute:
2015-10-26 14:28:43.207 (11084): (alter column [Extract].[Extract].[CA_AREA] ( ( "comparable" "comparable" ) ( "compression" "array" ) ( "storagewidth" "0" ) ) )
2015-10-26 14:28:43.214 (11084): Session1: QueryExecute: OK
2015-10-26 14:28:43.215 (11072): Session1: QueryExecute:
2015-10-26 14:28:43.215 (11072): (alter column [Extract].[Extract].[CA_SALES_AREA] ( ( "comparable" "comparable" ) ( "compression" "array" ) ( "storagewidth" "0" ) ) )
2015-10-26 14:28:43.223 (11072): Session1: QueryExecute: OK
2015-10-26 14:28:43.223 (11084): Session1: QueryExecute:
2015-10-26 14:28:43.223 (11084): (alter column [Extract].[Extract].[CA_CLUSTER] ( ( "comparable" "comparable" ) ( "compression" "array" ) ( "storagewidth" "0" ) ) )
2015-10-26 14:28:43.231 (11084): Session1: QueryExecute: OK
2015-10-26 14:28:43.231 (11072): Session1: QueryExecute:
2015-10-26 14:28:43.231 (11072): (alter column [Extract].[Extract].[NUM_OF_SALES] ( ( "comparable" "comparable" ) ( "compression" "array" ) ( "storagewidth" "0" ) ) )
2015-10-26 14:28:43.238 (11072): Session1: QueryExecute: OK
2015-10-26 14:28:43.239 (11084): Session1: QueryExecute:
2015-10-26 14:28:43.239 (11084): (alter column [Extract].[Extract].[PNAME] ( ( "comparable" "comparable" ) ( "compression" "array" ) ( "storagewidth" "0" ) ) )
2015-10-26 14:28:43.245 (11084): Session1: QueryExecute: OK
2015-10-26 14:28:43.245 (11072): Session1: QueryExecute:
2015-10-26 14:28:43.245 (11072): (alter column [Extract].[Extract].[TIMESTAMP] ( ( "comparable" "comparable" ) ( "compression" "array" ) ( "storagewidth" "0" ) ) )
2015-10-26 14:28:43.250 (11072): Session1: QueryExecute: OK
2015-10-26 14:28:43.250 (11084): Session1: QueryExecute:
2015-10-26 14:28:43.250 (11084): (top (table [Extract].[Extract]) () 0)
2015-10-26 14:28:43.271 (11084): Elapsed time:0.020 sec
2015-10-26 14:28:43.271 (11084): Compilation time:0.012 sec
2015-10-26 14:28:43.271 (11084): Execution time:0.009 sec
2015-10-26 14:28:43.274 (11084): Session1: QueryExecute: OK rowset_guid=11 n_columns=18
2015-10-26 14:28:43.277 (11084): Session1: QueryExecute:
2015-10-26 14:28:43.277 (11084): (sort [Extract].[Extract] ( ( [ACTVN_DT] asc) ( [BRND_ID] asc) ( [DISTRO_AREA] asc) ( [DISTRO_SALES_AREA] asc) ( [DISTRO_CLUSTER] asc) ( [TLD_NAME] asc) ( [PROMO_PACKAGE_NAME] asc) ( [CLUSTER_TYPE] asc) ( [CA_CLUSTER] asc) ( [NUM_OF_SALES] asc) ( [PNAME] asc) ( [TIMESTAMP] asc) ) )
2015-10-26 14:28:45.078 (11084): LogScopeTime: Save::Build,30,2015-10-26 14:28:43.3210,1.76
2015-10-26 14:28:45.092 (11084): Session1: QueryExecute: OK
2015-10-26 14:28:45.092 (11072): Session1: QueryExecute:
2015-10-26 14:28:45.092 (11072): (package)
2015-10-26 14:28:45.093 (11072): PackageDatabase: in-place package of "C:\Users\farisashim\Workspace\EISDataExtractor\tde\SalesPrepaid.tde"
2015-10-26 14:28:45.219 (11072): PackageDatabase: finished
2015-10-26 14:28:45.219 (11072): Session1: QueryExecute: OK
2015-10-26 14:28:45.219 (9156): tdeserver: close session, connection=tab.pipe://./pipe/{E14D42AF-B2B2-41F9-B517-8C74D499299F}, sess_guid=1
2015-10-26 14:28:45.220 (10664): tdeserver: exit (0)
2015-10-26 14:33:01.794 (11200): -----------------------------------------------------------------------------
2015-10-26 14:33:01.794 (11200): Initializing fault reporting
2015-10-26 14:33:01.794 (11200): Fault reporting log pathname: C:\Users\farisashim\Workspace\EISDataExtractor\tdeserver32-error00002bbc.log
2015-10-26 14:33:01.794 (11200): Initializing MiniDump
2015-10-26 14:33:01.794 (11200): Loading 'DbgHelp.dll'
2015-10-26 14:33:01.795 (11200): Loaded 'C:\Windows\SYSTEM32\DbgHelp.dll'
2015-10-26 14:33:01.795 (11200):   Product Name: Microsoft® Windows® Operating System
2015-10-26 14:33:01.795 (11200):   File Version: 6.3.9600.17787 (winblue_r10.150331-1500)
2015-10-26 14:33:01.795 (11200):   Product Version: 6.3.9600.17787
2015-10-26 14:33:01.795 (11200): Finding function 'MiniDumpWriteDump'
2015-10-26 14:33:01.795 (11200): Success
2015-10-26 14:33:01.796 (11200): Registering unhandled exception filter
2015-10-26 14:33:01.796 (11200): -----------------------------------------------------------------------------
2015-10-26 14:33:01.796 (11200): Machine Configuration
2015-10-26 14:33:01.796 (11200):   Max Descriptors: -1
2015-10-26 14:33:01.797 (11200): tdeserver: server listening for incoming connections at: tab.pipe://./pipe/{4F6163A6-C427-4DEC-9267-206C3DD0F0D7}
2015-10-26 14:33:01.797 (11200): tdeserver: accepting new connection
2015-10-26 14:33:01.797 (11200): tdeserver: new connection, connection=tab.pipe://./pipe/{4F6163A6-C427-4DEC-9267-206C3DD0F0D7}
2015-10-26 14:33:01.797 (7284): beginthread: send, connection=tab.pipe://./pipe/{4F6163A6-C427-4DEC-9267-206C3DD0F0D7}
2015-10-26 14:33:01.797 (9012): beginthread: recv, connection=tab.pipe://./pipe/{4F6163A6-C427-4DEC-9267-206C3DD0F0D7}
2015-10-26 14:33:01.798 (9012): tdeserver: open session, connection=tab.pipe://./pipe/{4F6163A6-C427-4DEC-9267-206C3DD0F0D7}, sess_guid=1
2015-10-26 14:33:01.799 (9960): Session1: QueryExecute:
2015-10-26 14:33:01.799 (9960): (database "C:\\Users\\farisashim\\Workspace\\EISDataExtractor\\tde/SalesPrepaid.tde")
2015-10-26 14:33:01.809 (9960): Session1: QueryExecute: OK
2015-10-26 14:33:01.810 (7960): Session1: QueryExecute:
2015-10-26 14:33:01.810 (7960): (show schemas)
2015-10-26 14:33:01.813 (7960): Elapsed time:0.003 sec
2015-10-26 14:33:01.813 (7960): Compilation time:0.000 sec
2015-10-26 14:33:01.813 (7960): Execution time:0.002 sec
2015-10-26 14:33:01.813 (7960): Session1: QueryExecute: OK rowset_guid=1 n_columns=1
2015-10-26 14:33:01.814 (7960): Session1: QueryExecute:
2015-10-26 14:33:01.814 (7960): (show tables [Extract])
2015-10-26 14:33:01.820 (7960): Elapsed time:0.006 sec
2015-10-26 14:33:01.820 (7960): Compilation time:0.000 sec
2015-10-26 14:33:01.820 (7960): Execution time:0.006 sec
2015-10-26 14:33:01.820 (7960): Session1: QueryExecute: OK rowset_guid=2 n_columns=1
2015-10-26 14:33:01.821 (7960): Session1: QueryExecute:
2015-10-26 14:33:01.821 (7960): (top (table [Extract].[Extract]) () 0)
2015-10-26 14:33:01.877 (7960): Elapsed time:0.056 sec
2015-10-26 14:33:01.877 (7960): Compilation time:0.028 sec
2015-10-26 14:33:01.878 (7960): Execution time:0.028 sec
2015-10-26 14:33:01.880 (7960): Session1: QueryExecute: OK rowset_guid=3 n_columns=18
2015-10-26 14:33:01.887 (7960): Session1: QueryExecute:
2015-10-26 14:33:01.887 (7960): (create schema [DE_Temp])
2015-10-26 14:33:01.933 (7960): Session1: QueryExecute: OK
2015-10-26 14:33:01.933 (9960): Session1: QueryExecute:
2015-10-26 14:33:01.933 (9960): (create table [DE_Temp].[Extract])
2015-10-26 14:33:02.000 (9960): Session1: QueryExecute: OK
2015-10-26 14:33:02.000 (7960): Session1: QueryExecute:
2015-10-26 14:33:02.000 (7960): (create column [DE_Temp].[Extract].[ACTVN_DT] ( ( "builtin" "date" ) ( "factory" "builtin" ) ( "ordinal" "0" ) ))
2015-10-26 14:33:02.186 (7960): Session1: QueryExecute: OK
2015-10-26 14:33:02.187 (9960): Session1: QueryExecute:
2015-10-26 14:33:02.187 (9960): (create column [DE_Temp].[Extract].[BRND_ID] ( ( "collation" "en_GB" ) ( "compression" "heap" ) ( "factory" "varchar" ) ( "ordinal" "1" ) ( "scale" "1" ) ( "storagewidth" "8" ) ))
2015-10-26 14:33:02.284 (9960): Session1: QueryExecute: OK
2015-10-26 14:33:02.284 (7960): Session1: QueryExecute:
2015-10-26 14:33:02.284 (7960): (create column [DE_Temp].[Extract].[DISTRO_AREA] ( ( "collation" "en_GB" ) ( "compression" "heap" ) ( "factory" "varchar" ) ( "ordinal" "2" ) ( "scale" "1" ) ( "storagewidth" "8" ) ))
2015-10-26 14:33:02.392 (7960): Session1: QueryExecute: OK
2015-10-26 14:33:02.392 (9960): Session1: QueryExecute:
2015-10-26 14:33:02.392 (9960): (create column [DE_Temp].[Extract].[DISTRO_SALES_AREA] ( ( "collation" "en_GB" ) ( "compression" "heap" ) ( "factory" "varchar" ) ( "ordinal" "3" ) ( "scale" "1" ) ( "storagewidth" "8" ) ))
2015-10-26 14:33:02.492 (9960): Session1: QueryExecute: OK
2015-10-26 14:33:02.492 (7960): Session1: QueryExecute:
2015-10-26 14:33:02.492 (7960): (create column [DE_Temp].[Extract].[DISTRO_CLUSTER] ( ( "collation" "en_GB" ) ( "compression" "heap" ) ( "factory" "varchar" ) ( "ordinal" "4" ) ( "scale" "1" ) ( "storagewidth" "8" ) ))
2015-10-26 14:33:02.639 (7960): Session1: QueryExecute: OK
2015-10-26 14:33:02.640 (9960): Session1: QueryExecute:
2015-10-26 14:33:02.640 (9960): (create column [DE_Temp].[Extract].[TLD_NAME] ( ( "collation" "en_GB" ) ( "compression" "heap" ) ( "factory" "varchar" ) ( "ordinal" "5" ) ( "scale" "1" ) ( "storagewidth" "8" ) ))
2015-10-26 14:33:02.763 (9960): Session1: QueryExecute: OK
2015-10-26 14:33:02.763 (7960): Session1: QueryExecute:
2015-10-26 14:33:02.763 (7960): (create column [DE_Temp].[Extract].[PROMO_PACKAGE_NAME] ( ( "collation" "en_GB" ) ( "compression" "heap" ) ( "factory" "varchar" ) ( "ordinal" "6" ) ( "scale" "1" ) ( "storagewidth" "8" ) ))
2015-10-26 14:33:02.888 (7960): Session1: QueryExecute: OK
2015-10-26 14:33:02.889 (9960): Session1: QueryExecute:
2015-10-26 14:33:02.889 (9960): (create column [DE_Temp].[Extract].[HLR_REGION] ( ( "collation" "en_GB" ) ( "compression" "heap" ) ( "factory" "varchar" ) ( "ordinal" "7" ) ( "scale" "1" ) ( "storagewidth" "8" ) ))
2015-10-26 14:33:03.009 (9960): Session1: QueryExecute: OK
2015-10-26 14:33:03.009 (7960): Session1: QueryExecute:
2015-10-26 14:33:03.009 (7960): (create column [DE_Temp].[Extract].[HLR_BRANCH] ( ( "collation" "en_GB" ) ( "compression" "heap" ) ( "factory" "varchar" ) ( "ordinal" "8" ) ( "scale" "1" ) ( "storagewidth" "8" ) ))
2015-10-26 14:33:03.116 (7960): Session1: QueryExecute: OK
2015-10-26 14:33:03.116 (9960): Session1: QueryExecute:
2015-10-26 14:33:03.116 (9960): (create column [DE_Temp].[Extract].[HLR_CITY] ( ( "collation" "en_GB" ) ( "compression" "heap" ) ( "factory" "varchar" ) ( "ordinal" "9" ) ( "scale" "1" ) ( "storagewidth" "8" ) ))
2015-10-26 14:33:03.226 (9960): Session1: QueryExecute: OK
2015-10-26 14:33:03.226 (7960): Session1: QueryExecute:
2015-10-26 14:33:03.226 (7960): (create column [DE_Temp].[Extract].[CLUSTER_TYPE] ( ( "collation" "en_GB" ) ( "compression" "heap" ) ( "factory" "varchar" ) ( "ordinal" "10" ) ( "scale" "1" ) ( "storagewidth" "8" ) ))
2015-10-26 14:33:03.336 (7960): Session1: QueryExecute: OK
2015-10-26 14:33:03.337 (9960): Session1: QueryExecute:
2015-10-26 14:33:03.337 (9960): (create column [DE_Temp].[Extract].[CA_REGION] ( ( "collation" "en_GB" ) ( "compression" "heap" ) ( "factory" "varchar" ) ( "ordinal" "11" ) ( "scale" "1" ) ( "storagewidth" "8" ) ))
2015-10-26 14:33:03.443 (9960): Session1: QueryExecute: OK
2015-10-26 14:33:03.443 (7960): Session1: QueryExecute:
2015-10-26 14:33:03.443 (7960): (create column [DE_Temp].[Extract].[CA_AREA] ( ( "collation" "en_GB" ) ( "compression" "heap" ) ( "factory" "varchar" ) ( "ordinal" "12" ) ( "scale" "1" ) ( "storagewidth" "8" ) ))
2015-10-26 14:33:03.560 (7960): Session1: QueryExecute: OK
2015-10-26 14:33:03.560 (9960): Session1: QueryExecute:
2015-10-26 14:33:03.560 (9960): (create column [DE_Temp].[Extract].[CA_SALES_AREA] ( ( "collation" "en_GB" ) ( "compression" "heap" ) ( "factory" "varchar" ) ( "ordinal" "13" ) ( "scale" "1" ) ( "storagewidth" "8" ) ))
2015-10-26 14:33:03.686 (9960): Session1: QueryExecute: OK
2015-10-26 14:33:03.687 (7960): Session1: QueryExecute:
2015-10-26 14:33:03.687 (7960): (create column [DE_Temp].[Extract].[CA_CLUSTER] ( ( "collation" "en_GB" ) ( "compression" "heap" ) ( "factory" "varchar" ) ( "ordinal" "14" ) ( "scale" "1" ) ( "storagewidth" "8" ) ))
2015-10-26 14:33:03.783 (7960): Session1: QueryExecute: OK
2015-10-26 14:33:03.784 (9960): Session1: QueryExecute:
2015-10-26 14:33:03.784 (9960): (create column [DE_Temp].[Extract].[NUM_OF_SALES] ( ( "collation" "en_GB" ) ( "compression" "heap" ) ( "factory" "varchar" ) ( "ordinal" "15" ) ( "scale" "1" ) ( "storagewidth" "8" ) ))
2015-10-26 14:33:03.883 (9960): Session1: QueryExecute: OK
2015-10-26 14:33:03.883 (7960): Session1: QueryExecute:
2015-10-26 14:33:03.883 (7960): (create column [DE_Temp].[Extract].[PNAME] ( ( "collation" "en_GB" ) ( "compression" "heap" ) ( "factory" "varchar" ) ( "ordinal" "16" ) ( "scale" "1" ) ( "storagewidth" "8" ) ))
2015-10-26 14:33:03.988 (7960): Session1: QueryExecute: OK
2015-10-26 14:33:03.989 (9960): Session1: QueryExecute:
2015-10-26 14:33:03.989 (9960): (create column [DE_Temp].[Extract].[TIMESTAMP] ( ( "collation" "en_GB" ) ( "compression" "heap" ) ( "factory" "varchar" ) ( "ordinal" "17" ) ( "scale" "1" ) ( "storagewidth" "8" ) ))
2015-10-26 14:33:04.093 (9960): Session1: QueryExecute: OK
